============================= test session starts ==============================
platform linux -- Python 3.12.1, pytest-8.3.5, pluggy-1.5.0 -- /usr/local/py-utils/venvs/pytest/bin/python
cachedir: .pytest_cache
rootdir: /workspaces/trainmcts
plugins: cov-6.1.1, anyio-4.9.0
collecting ... 2025-06-04 02:50:49,436 - app - INFO - [app:53] - --- Flask App Initialization (v2.2) ---
2025-06-04 02:50:49,436 - app - INFO - [app:57] - Production mode: False
2025-06-04 02:50:49,436 - app - INFO - [app:137] - Defining Flask routes...
collected 126 items / 1 error

==================================== ERRORS ====================================
___________________ ERROR collecting tests/test_mcts_node.py ___________________
/usr/local/py-utils/venvs/pytest/lib/python3.12/site-packages/_pytest/python.py:493: in importtestmodule
    mod = import_path(
/usr/local/py-utils/venvs/pytest/lib/python3.12/site-packages/_pytest/pathlib.py:587: in import_path
    importlib.import_module(module_name)
/usr/local/python/3.12.1/lib/python3.12/importlib/__init__.py:90: in import_module
    return _bootstrap._gcd_import(name[level:], package, level)
<frozen importlib._bootstrap>:1387: in _gcd_import
    ???
<frozen importlib._bootstrap>:1360: in _find_and_load
    ???
<frozen importlib._bootstrap>:1331: in _find_and_load_unlocked
    ???
<frozen importlib._bootstrap>:935: in _load_unlocked
    ???
/usr/local/py-utils/venvs/pytest/lib/python3.12/site-packages/_pytest/assertion/rewrite.py:176: in exec_module
    source_stat, co = _rewrite_test(fn, self.config)
/usr/local/py-utils/venvs/pytest/lib/python3.12/site-packages/_pytest/assertion/rewrite.py:356: in _rewrite_test
    tree = ast.parse(source, filename=strfn)
/usr/local/python/3.12.1/lib/python3.12/ast.py:52: in parse
    return compile(source, filename, mode, flags,
E     File "/workspaces/trainmcts/tests/test_mcts_node.py", line 529
E       self.assertAlmostEqual(straight_score_comp, 4.0, delta=0.1, "4-card Gutshot (TJQA->K) score mismatch.")
E                                                                                                             ^
E   SyntaxError: positional argument follows keyword argument
=========================== short test summary info ============================
ERROR tests/test_mcts_node.py
!!!!!!!!!!!!!!!!!!!! Interrupted: 1 error during collection !!!!!!!!!!!!!!!!!!!!
=============================== 1 error in 0.50s ===============================
